2019-09-11 01:06:01,975 INFO  - Starting ServiceWrapper in the service mode
2019-09-11 01:06:02,858 INFO  - Starting E:\data\Jenkins\jre\bin\java -Xrs -Xmx256m -Dhudson.lifecycle=hudson.lifecycle.WindowsServiceLifecycle -jar "E:\data\Jenkins\jenkins.war" --httpPort=8080 --webroot="E:\data\Jenkins\war"
2019-09-11 01:06:02,943 INFO  - Extension loaded: killOnStartup
2019-09-11 01:06:03,018 WARN  - The requested PID file 'E:\data\Jenkins\jenkins.pid' does not exist. The runaway process won't be checked
2019-09-11 01:06:03,032 INFO  - Starting E:\data\Jenkins\jre\bin\java -Xrs -Xmx256m -Dhudson.lifecycle=hudson.lifecycle.WindowsServiceLifecycle -jar "E:\data\Jenkins\jenkins.war" --httpPort=8080 --webroot="E:\data\Jenkins\war"
2019-09-11 01:06:03,401 INFO  - Started process 6128
2019-09-11 01:06:03,542 DEBUG - Forwarding logs of the process System.Diagnostics.Process (java) to winsw.SizeBasedRollingLogAppender
2019-09-11 01:06:03,588 INFO  - Recording PID of the started process:6128. PID file destination is E:\data\Jenkins\jenkins.pid
2019-09-11 01:06:44,071 INFO  - Stopping Jenkins
2019-09-11 01:06:44,072 DEBUG - ProcessKill 6128
2019-09-11 01:06:45,625 INFO  - Stopping process 6128
2019-09-11 01:06:45,628 INFO  - Send SIGINT 6128
2019-09-11 01:06:45,795 INFO  - SIGINT to6128 successful
2019-09-11 01:06:45,797 INFO  - Finished Jenkins
2019-09-11 01:06:45,798 DEBUG - Completed. Exit code is 0
2019-09-11 01:06:46,262 INFO  - Starting ServiceWrapper in the service mode
2019-09-11 01:06:46,284 INFO  - Starting E:\data\Jenkins\jre\bin\java -Xrs -Xmx256m -Dhudson.lifecycle=hudson.lifecycle.WindowsServiceLifecycle -jar "E:\data\Jenkins\jenkins.war" --httpPort=8080 --webroot="E:\data\Jenkins\war"
2019-09-11 01:06:46,291 INFO  - Extension loaded: killOnStartup
2019-09-11 01:06:46,296 DEBUG - Checking the potentially runaway process with PID=6128
2019-09-11 01:06:46,548 DEBUG - No runaway process with PID=6128. The process has been already stopped.
2019-09-11 01:06:46,549 INFO  - Starting E:\data\Jenkins\jre\bin\java -Xrs -Xmx256m -Dhudson.lifecycle=hudson.lifecycle.WindowsServiceLifecycle -jar "E:\data\Jenkins\jenkins.war" --httpPort=8080 --webroot="E:\data\Jenkins\war"
2019-09-11 01:06:46,577 INFO  - Started process 3052
2019-09-11 01:06:46,580 DEBUG - Forwarding logs of the process System.Diagnostics.Process (java) to winsw.SizeBasedRollingLogAppender
2019-09-11 01:06:46,592 INFO  - Recording PID of the started process:3052. PID file destination is E:\data\Jenkins\jenkins.pid
2019-09-11 01:24:21,305 INFO  - Stopping Jenkins
2019-09-11 01:24:21,328 DEBUG - ProcessKill 3052
2019-09-11 01:24:22,453 INFO  - Stopping process 3052
2019-09-11 01:24:22,457 INFO  - Send SIGINT 3052
2019-09-11 01:24:22,788 INFO  - SIGINT to3052 successful
2019-09-11 01:24:22,789 INFO  - Finished Jenkins
2019-09-11 01:24:22,808 DEBUG - Completed. Exit code is 0
2019-09-11 01:24:25,554 INFO  - Starting ServiceWrapper in the service mode
2019-09-11 01:24:25,614 INFO  - Starting E:\data\Jenkins\jre\bin\java -Xrs -Xmx256m -Dhudson.lifecycle=hudson.lifecycle.WindowsServiceLifecycle -jar "E:\data\Jenkins\jenkins.war" --httpPort=8080 --webroot="E:\data\Jenkins\war"
2019-09-11 01:24:25,620 INFO  - Extension loaded: killOnStartup
2019-09-11 01:24:25,625 DEBUG - Checking the potentially runaway process with PID=3052
2019-09-11 01:24:25,700 DEBUG - No runaway process with PID=3052. The process has been already stopped.
2019-09-11 01:24:25,701 INFO  - Starting E:\data\Jenkins\jre\bin\java -Xrs -Xmx256m -Dhudson.lifecycle=hudson.lifecycle.WindowsServiceLifecycle -jar "E:\data\Jenkins\jenkins.war" --httpPort=8080 --webroot="E:\data\Jenkins\war"
2019-09-11 01:24:25,795 INFO  - Started process 5836
2019-09-11 01:24:25,798 DEBUG - Forwarding logs of the process System.Diagnostics.Process (java) to winsw.SizeBasedRollingLogAppender
2019-09-11 01:24:25,807 INFO  - Recording PID of the started process:5836. PID file destination is E:\data\Jenkins\jenkins.pid
2019-09-11 02:07:26,306 INFO  - Stopping Jenkins
2019-09-11 02:07:26,307 DEBUG - ProcessKill 5836
2019-09-11 02:07:26,661 INFO  - Stopping process 5836
2019-09-11 02:07:26,664 INFO  - Send SIGINT 5836
2019-09-11 02:07:26,730 INFO  - SIGINT to5836 successful
2019-09-11 02:07:26,732 INFO  - Finished Jenkins
2019-09-11 02:07:26,734 DEBUG - Completed. Exit code is 0
2019-09-11 02:07:28,546 INFO  - Starting ServiceWrapper in the service mode
2019-09-11 02:07:28,566 INFO  - Starting E:\data\Jenkins\jre\bin\java -Xrs -Xmx256m -Dhudson.lifecycle=hudson.lifecycle.WindowsServiceLifecycle -jar "E:\data\Jenkins\jenkins.war" --httpPort=8080 --webroot="E:\data\Jenkins\war"
2019-09-11 02:07:28,574 INFO  - Extension loaded: killOnStartup
2019-09-11 02:07:28,579 DEBUG - Checking the potentially runaway process with PID=5836
2019-09-11 02:07:28,630 DEBUG - No runaway process with PID=5836. The process has been already stopped.
2019-09-11 02:07:28,631 INFO  - Starting E:\data\Jenkins\jre\bin\java -Xrs -Xmx256m -Dhudson.lifecycle=hudson.lifecycle.WindowsServiceLifecycle -jar "E:\data\Jenkins\jenkins.war" --httpPort=8080 --webroot="E:\data\Jenkins\war"
2019-09-11 02:07:28,654 INFO  - Started process 5308
2019-09-11 02:07:28,656 DEBUG - Forwarding logs of the process System.Diagnostics.Process (java) to winsw.SizeBasedRollingLogAppender
2019-09-11 02:07:28,661 INFO  - Recording PID of the started process:5308. PID file destination is E:\data\Jenkins\jenkins.pid
